+ timeout 60 /home/rjf/fast/duet-private//duet.exe -mcl-plain const.c
forward inv gen...
forward inv gen...
forward inv gen...
 Adding assertion node 22 -> 53 for label (0): 
!(s = 0)
 Adding assertion node 43 -> 54 for label (0): 
true
digraph G {
  "3";
  "9";
  "22";
  "23";
  "24";
  "32";
  "36";
  "37";
  "43";
  "45";
  "46";
  "47";
  "48";
  "49";
  "50";
  "51";
  "52";
  "53";
  "54";
  
  
  "3" -> "52" [label="{when (s:2 = 0 /\\ s:2 = 0)}", ];
  "9" -> "23" [label="{s := phi_s:10:13\n tmp := havoc:3:14\n when (!(tmp___0:1 = 0)\n         /\\ ((0 <= s:2 /\\ s:2 <= 0 /\\ s:2 = phi_s:10:13)\n               \\/ ((s:2 < 0 \\/ 0 < s:2) /\\ (s:2 + 1) = phi_s:10:13))\n         /\\ 0 <= havoc:3:14)}",
               ];
  "9" -> "51" [label="{return := 0\n return@pos := type_err:7:8:11\n return@width := type_err:6:9:12\n when tmp___0:1 = 0}",
               ];
  "22" -> "24" [label="{when s:2 = 0}", ];
  "22" -> "53" [label="{when !(s:2 = 0)}", ];
  "23" -> "22" [label="{when !(tmp:4 = 0)}", ];
  "23" -> "24" [label="{when tmp:4 = 0}", ];
  "24" -> "3" [label="{}", ];
  "32" -> "3" [label="{s := 0}", ];
  "36" -> "37" [label="{when !(cond:32 = 0)}", ];
  "36" -> "47" [label="{when cond:32 = 0}", ];
  "37" -> "50" [label="{return := havoc:33\n return@pos := type_err:35:36\n return@width := type_err:34:37}",
                ];
  "43" -> "49" [label="{when false}", ];
  "43" -> "54" [label="{}", ];
  "45" -> "43" [label="{}", ];
  "46" -> "37" [label="{when false}", ];
  "47" -> "46" [label="call(45, 49)", ];
  "48" -> "36" [label="{cond := param0:40}", ];
  "52" -> "9" [label="{tmp___0 := havoc:0\n when 0 <= havoc:0}", ];
  
  }
entry: 32
testing reachability of location 54
------------------------------
executing plain mcmillan
...execution saturated
  proven safe
testing reachability of location 53
------------------------------
executing plain mcmillan
...execution saturated
  proven safe

real	0m0.481s
user	0m0.520s
sys	0m0.080s
